<?xml version="1.0" encoding="UTF-8"?>
<!-- Generated by org.testng.reporters.JUnitReportReporter -->
<testsuite hostname="LAPTOP-M19LQA3N" failures="0" tests="2" name="abhiacademy.tests.PurchaseOrderTest" time="19.327" errors="0" timestamp="2024-11-29T19:53:23 IST" skipped="0">
  <testcase classname="abhiacademy.tests.PurchaseOrderTest" name="productOrderVal" time="10.482"/>
  <testcase classname="abhiacademy.tests.PurchaseOrderTest" name="productOrderVal" time="8.845"/>
</testsuite> <!-- abhiacademy.tests.PurchaseOrderTest -->
