<?xml version="1.0" encoding="UTF-8"?>
<!-- Generated by org.testng.reporters.JUnitReportReporter -->
<testsuite hostname="LAPTOP-M19LQA3N" failures="0" tests="1" name="abhiacademy.tests.ErrorValidations" time="4.360" errors="0" timestamp="2024-11-27T13:09:26 IST" skipped="0">
  <testcase classname="abhiacademy.tests.ErrorValidations" name="loginErrorValidation" time="4.360"/>
</testsuite> <!-- abhiacademy.tests.ErrorValidations -->
