<?xml version="1.0" encoding="UTF-8"?>
<!-- Generated by org.testng.reporters.JUnitReportReporter -->
<testsuite hostname="LAPTOP-M19LQA3N" failures="0" tests="2" name="cucumber.TestNGTestRunner" time="15.147" errors="0" timestamp="2024-12-05T13:53:05 IST" skipped="0">
  <testcase classname="cucumber.TestNGTestRunner" name="runScenario" time="7.766"/>
  <testcase classname="cucumber.TestNGTestRunner" name="runScenario" time="7.381"/>
</testsuite> <!-- cucumber.TestNGTestRunner -->
