<?xml version="1.0" encoding="UTF-8"?>
<!-- Generated by org.testng.reporters.JUnitReportReporter -->
<testsuite hostname="LAPTOP-M19LQA3N" failures="0" tests="3" name="abhiacademy.tests.ErrorValidationsTest" time="16.531" errors="0" timestamp="2024-11-29T11:52:56 IST" skipped="0">
  <testcase classname="abhiacademy.tests.ErrorValidationsTest" name="loginErrorValidation" time="2.811"/>
  <testcase classname="abhiacademy.tests.ErrorValidationsTest" name="loginErrorValidation" time="3.578"/>
  <testcase classname="abhiacademy.tests.ErrorValidationsTest" name="productOrderErrorVal" time="10.142"/>
</testsuite> <!-- abhiacademy.tests.ErrorValidationsTest -->
