<?xml version="1.0" encoding="UTF-8"?>
<!-- Generated by org.testng.reporters.JUnitReportReporter -->
<testsuite hostname="LAPTOP-M19LQA3N" failures="0" tests="2" name="abhiacademy.tests.PurchaseOrderTest" time="25.029" errors="0" timestamp="2024-12-04T23:41:55 IST" skipped="0">
  <testcase classname="abhiacademy.tests.PurchaseOrderTest" name="productOrderVal" time="11.990"/>
  <testcase classname="abhiacademy.tests.PurchaseOrderTest" name="productOrderVal" time="13.039"/>
</testsuite> <!-- abhiacademy.tests.PurchaseOrderTest -->
