<?xml version="1.0" encoding="UTF-8"?>
<!-- Generated by org.testng.reporters.JUnitReportReporter -->
<testsuite hostname="LAPTOP-M19LQA3N" failures="0" tests="2" name="abhiacademy.tests.PurchaseOrderTest" time="36.517" errors="0" timestamp="2024-12-21T17:58:52 IST" skipped="0">
  <testcase classname="abhiacademy.tests.PurchaseOrderTest" name="productOrderVal" time="16.655"/>
  <testcase classname="abhiacademy.tests.PurchaseOrderTest" name="productOrderVal" time="19.862"/>
</testsuite> <!-- abhiacademy.tests.PurchaseOrderTest -->
