<?xml version="1.0" encoding="UTF-8"?>
<!-- Generated by org.testng.reporters.JUnitReportReporter -->
<testsuite hostname="LAPTOP-M19LQA3N" failures="0" tests="4" name="abhiacademy.tests.SubmitOrderTest" time="44.121" errors="0" timestamp="2024-12-05T14:14:06 IST" skipped="0">
  <testcase classname="abhiacademy.tests.SubmitOrderTest" name="validateOrder" time="8.854"/>
  <testcase classname="abhiacademy.tests.SubmitOrderTest" name="submitOrder" time="14.243"/>
  <testcase classname="abhiacademy.tests.SubmitOrderTest" name="validateOrder" time="6.881"/>
  <testcase classname="abhiacademy.tests.SubmitOrderTest" name="submitOrder" time="14.143"/>
</testsuite> <!-- abhiacademy.tests.SubmitOrderTest -->
