<?xml version="1.0" encoding="UTF-8"?>
<!-- Generated by org.testng.reporters.JUnitReportReporter -->
<testsuite hostname="LAPTOP-M19LQA3N" failures="0" tests="3" name="abhiacademy.tests.ErrorValidationsTest" time="27.490" errors="0" timestamp="2024-12-05T14:14:06 IST" skipped="0">
  <testcase classname="abhiacademy.tests.ErrorValidationsTest" name="loginErrorValidation" time="8.216"/>
  <testcase classname="abhiacademy.tests.ErrorValidationsTest" name="loginErrorValidation" time="7.990"/>
  <testcase classname="abhiacademy.tests.ErrorValidationsTest" name="productOrderErrorVal" time="11.284"/>
</testsuite> <!-- abhiacademy.tests.ErrorValidationsTest -->
