<?xml version="1.0" encoding="UTF-8"?>
<!-- Generated by org.testng.reporters.JUnitReportReporter -->
<testsuite hostname="LAPTOP-M19LQA3N" failures="0" tests="4" name="abhiacademy.tests.SubmitOrderTest" time="46.602" errors="0" timestamp="2024-12-21T17:58:52 IST" skipped="0">
  <testcase classname="abhiacademy.tests.SubmitOrderTest" name="submitOrder" time="16.395"/>
  <testcase classname="abhiacademy.tests.SubmitOrderTest" name="validateOrder" time="9.757"/>
  <testcase classname="abhiacademy.tests.SubmitOrderTest" name="submitOrder" time="14.864"/>
  <testcase classname="abhiacademy.tests.SubmitOrderTest" name="validateOrder" time="5.586"/>
</testsuite> <!-- abhiacademy.tests.SubmitOrderTest -->
